/Users/sandeep.srinivasan/Library/Python/3.9/lib/python/site-packages/urllib3/__init__.py:35: NotOpenSSLWarning: urllib3 v2 only supports OpenSSL 1.1.1+, currently the 'ssl' module is compiled with 'LibreSSL 2.8.3'. See: https://github.com/urllib3/urllib3/issues/3020
  warnings.warn(
Processing 2561 movies...
  0/2561 (0 matched so far)
  100/2561 (99 matched so far)
  200/2561 (193 matched so far)
Error searching for 'Badlapur' (2015): HTTPSConnectionPool(host='api.themoviedb.org', port=443): Read timed out. (read timeout=15)
  300/2561 (286 matched so far)
  400/2561 (383 matched so far)
  500/2561 (482 matched so far)
  600/2561 (578 matched so far)
  700/2561 (674 matched so far)
Error searching for 'Naan Kadavul' (2009): HTTPSConnectionPool(host='api.themoviedb.org', port=443): Read timed out. (read timeout=15)
  800/2561 (767 matched so far)
Error searching for 'Irumbu Thirai' (2018): HTTPSConnectionPool(host='api.themoviedb.org', port=443): Read timed out. (read timeout=15)
Error searching for 'Iraivan' (2023): HTTPSConnectionPool(host='api.themoviedb.org', port=443): Read timed out. (read timeout=15)
  900/2561 (854 matched so far)
  1000/2561 (937 matched so far)
  1100/2561 (1004 matched so far)
  1200/2561 (1080 matched so far)
  1300/2561 (1157 matched so far)
  1400/2561 (1241 matched so far)
  1500/2561 (1315 matched so far)
  1600/2561 (1413 matched so far)
  1700/2561 (1511 matched so far)
  1800/2561 (1601 matched so far)
  1900/2561 (1673 matched so far)
  2000/2561 (1746 matched so far)
Error searching for 'Apne' (2007): HTTPSConnectionPool(host='api.themoviedb.org', port=443): Max retries exceeded with url: /3/search/movie?api_key=29ac60742122554fc12f6cef99cd620d&query=Apne&year=2007&language=en (Caused by SSLError(SSLEOFError(8, 'EOF occurred in violation of protocol (_ssl.c:1129)')))
  2100/2561 (1840 matched so far)
  2200/2561 (1921 matched so far)
Error searching for 'Makkal En Pakkam' (1987): HTTPSConnectionPool(host='api.themoviedb.org', port=443): Read timed out. (read timeout=15)
  2300/2561 (2009 matched so far)
  2400/2561 (2106 matched so far)
  2500/2561 (2194 matched so far)

✅ Matched: 2242/2561 (87.5%)
📁 Saved to: backend/data/movies_with_tmdb.json
